2022-03-28 22:53:41,777 [Inner speech model initialized]
2022-03-28 22:53:41,791 Robin: Hi there! [waving hand]
2022-03-28 22:53:43,308 [Waiting for human to speak:]
2022-03-28 23:00:23,696 [Inner speech model initialized]
2022-03-28 23:00:23,706 Robin: Hi there! [waving hand]
2022-03-28 23:00:25,524 [Waiting for human to speak:]
2022-03-28 23:00:32,440 hello
2022-03-28 23:00:32,441 Human: hello
2022-03-28 23:00:34,079 [Waiting for human to speak:]
2022-03-28 23:00:42,169 how are you
2022-03-28 23:00:42,170 Human: how are you
2022-03-28 23:00:43,796 [Waiting for human to speak:]
2022-03-28 23:08:08,825 [Inner speech model initialized]
2022-03-28 23:08:08,838 Robin: Hi there! [waving hand]
2022-03-28 23:08:10,501 [Waiting for human to speak:]
2022-03-28 23:08:43,644 [Inner speech model initialized]
2022-03-28 23:08:43,659 Robin: Hi there! [waving hand]
2022-03-28 23:08:45,410 [Waiting for human to speak:]
2022-03-28 23:18:51,384 [Inner speech model initialized]
2022-03-28 23:18:51,394 Robin: Hi there! [waving hand]
2022-03-28 23:18:53,245 [Waiting for human to speak:]
2022-03-28 23:19:04,656 I did not understand.
2022-03-28 23:19:06,349 [Waiting for human to speak:]
2022-03-28 23:19:11,684 I did not understand.
2022-03-28 23:19:13,333 [Waiting for human to speak:]
